


ARM Macro Assembler    Page 1 


    1 00000000         ;            Computer Architectures - 02LSEOV 02LSEOQ   
                                ;
    2 00000000         ; author:   Paolo BERNARDI - Politecnico di Torino      
                            ;
    3 00000000         ; creation:  11 November 2018         ;
    4 00000000         ; last update:  1 Dicember 2020         ;
    5 00000000         ; functionalities:             ;
    6 00000000         ;  nothing but bringing to the reset handler     ;
    7 00000000         
    8 00000000         ; *------- <<< Use Configuration Wizard in Context Menu 
                       >>> ------------------
    9 00000000         
   10 00000000         ; <h> Stack Configuration
   11 00000000         ;   <o> Stack Size (in Bytes) <0x0-0xFFFFFFFF:8>
   12 00000000         ; </h>
   13 00000000         
   14 00000000 00000200 
                       Stack_Size
                               EQU              0x00000200
   15 00000000         
   16 00000000                 AREA             STACK, NOINIT, READWRITE, ALIGN
=3
   17 00000000                 SPACE            Stack_Size/2
   18 00000100         Stack_Mem
                               SPACE            Stack_Size/2
   19 00000200         __initial_sp
   20 00000200         
   21 00000200         
   22 00000200         
   23 00000200         
   24 00000200         ; <h> Heap Configuration
   25 00000200         ;   <o>  Heap Size (in Bytes) <0x0-0xFFFFFFFF:8>
   26 00000200         ; </h>
   27 00000200         
   28 00000200 00000200 
                       Heap_Size
                               EQU              0x00000200
   29 00000200         
   30 00000200                 AREA             HEAP, NOINIT, READWRITE, ALIGN=
3
   31 00000000         __heap_base
   32 00000000         Heap_Mem
                               SPACE            Heap_Size
   33 00000200         __heap_limit
   34 00000200         
   35 00000200         
   36 00000200                 PRESERVE8
   37 00000200                 THUMB
   38 00000200         
   39 00000200         
   40 00000200         ; Vector Table Mapped to Address 0 at Reset
   41 00000200         
   42 00000200                 AREA             RESET, DATA, READONLY
   43 00000000                 EXPORT           __Vectors
   44 00000000         ; 0x10000200
   45 00000000 00000000 
                       __Vectors
                               DCD              __initial_sp ; Top of Stack
   46 00000004 00000000        DCD              Reset_Handler ; Reset Handler



ARM Macro Assembler    Page 2 


   47 00000008 00000000        DCD              NMI_Handler ; NMI Handler
   48 0000000C 00000000        DCD              HardFault_Handler ; Hard Fault 
                                                            Handler
   49 00000010 00000000        DCD              MemManage_Handler 
                                                            ; MPU Fault Handler
                                                            
   50 00000014 00000000        DCD              BusFault_Handler 
                                                            ; Bus Fault Handler
                                                            
   51 00000018 00000000        DCD              UsageFault_Handler ; Usage Faul
                                                            t Handler
   52 0000001C 00000000        DCD              0           ; Reserved
   53 00000020 00000000        DCD              0           ; Reserved
   54 00000024 00000000        DCD              0           ; Reserved
   55 00000028 00000000        DCD              0           ; Reserved
   56 0000002C 00000000        DCD              SVC_Handler ; SVCall Handler
   57 00000030 00000000        DCD              DebugMon_Handler ; Debug Monito
                                                            r Handler
   58 00000034 00000000        DCD              0           ; Reserved
   59 00000038 00000000        DCD              PendSV_Handler ; PendSV Handler
                                                            
   60 0000003C 00000000        DCD              SysTick_Handler 
                                                            ; SysTick Handler
   61 00000040         
   62 00000040         ; External Interrupts
   63 00000040 00000000        DCD              WDT_IRQHandler ; 16: Watchdog T
                                                            imer
   64 00000044 00000000        DCD              TIMER0_IRQHandler ; 17: Timer0
   65 00000048 00000000        DCD              TIMER1_IRQHandler ; 18: Timer1
   66 0000004C 00000000        DCD              TIMER2_IRQHandler ; 19: Timer2
   67 00000050 00000000        DCD              TIMER3_IRQHandler ; 20: Timer3
   68 00000054 00000000        DCD              UART0_IRQHandler ; 21: UART0
   69 00000058 00000000        DCD              UART1_IRQHandler ; 22: UART1
   70 0000005C 00000000        DCD              UART2_IRQHandler ; 23: UART2
   71 00000060 00000000        DCD              UART3_IRQHandler ; 24: UART3
   72 00000064 00000000        DCD              PWM1_IRQHandler ; 25: PWM1
   73 00000068 00000000        DCD              I2C0_IRQHandler ; 26: I2C0
   74 0000006C 00000000        DCD              I2C1_IRQHandler ; 27: I2C1
   75 00000070 00000000        DCD              I2C2_IRQHandler ; 28: I2C2
   76 00000074 00000000        DCD              SPI_IRQHandler ; 29: SPI
   77 00000078 00000000        DCD              SSP0_IRQHandler ; 30: SSP0
   78 0000007C 00000000        DCD              SSP1_IRQHandler ; 31: SSP1
   79 00000080 00000000        DCD              PLL0_IRQHandler ; 32: PLL0 Lock
                                                             (Main PLL)
   80 00000084 00000000        DCD              RTC_IRQHandler ; 33: Real Time 
                                                            Clock
   81 00000088 00000000        DCD              EINT0_IRQHandler ; 34: External
                                                             Interrupt 0
   82 0000008C 00000000        DCD              EINT1_IRQHandler ; 35: External
                                                             Interrupt 1
   83 00000090 00000000        DCD              EINT2_IRQHandler ; 36: External
                                                             Interrupt 2
   84 00000094 00000000        DCD              EINT3_IRQHandler ; 37: External
                                                             Interrupt 3
   85 00000098 00000000        DCD              ADC_IRQHandler 
                                                            ; 38: A/D Converter
                                                            
   86 0000009C 00000000        DCD              BOD_IRQHandler ; 39: Brown-Out 
                                                            Detect



ARM Macro Assembler    Page 3 


   87 000000A0 00000000        DCD              USB_IRQHandler ; 40: USB
   88 000000A4 00000000        DCD              CAN_IRQHandler ; 41: CAN
   89 000000A8 00000000        DCD              DMA_IRQHandler ; 42: General Pu
                                                            rpose DMA
   90 000000AC 00000000        DCD              I2S_IRQHandler ; 43: I2S
   91 000000B0 00000000        DCD              ENET_IRQHandler ; 44: Ethernet
   92 000000B4 00000000        DCD              RIT_IRQHandler ; 45: Repetitive
                                                             Interrupt Timer
   93 000000B8 00000000        DCD              MCPWM_IRQHandler ; 46: Motor Co
                                                            ntrol PWM
   94 000000BC 00000000        DCD              QEI_IRQHandler ; 47: Quadrature
                                                             Encoder Interface
   95 000000C0 00000000        DCD              PLL1_IRQHandler ; 48: PLL1 Lock
                                                             (USB PLL)
   96 000000C4 00000000        DCD              USBActivity_IRQHandler ; 49: US
                                                            B Activity interrup
                                                            t to wakeup
   97 000000C8 00000000        DCD              CANActivity_IRQHandler ; 50: CA
                                                            N Activity interrup
                                                            t to wakeup
   98 000000CC         
   99 000000CC         
  100 000000CC                 IF               :LNOT::DEF:NO_CRP
  101 000000CC                 AREA             |.ARM.__at_0x02FC|, CODE, READO
NLY
  102 00000000 FFFFFFFF 
                       CRP_Key DCD              0xFFFFFFFF
  103 00000004                 ENDIF
  104 00000004         
  105 00000004                 AREA             my_data, DATA, READWRITE
  106 00000000 00 00 00 
              00       SQResult
                               SPACE            4
  107 00000004         
  108 00000004                 AREA             |.text|, CODE, READONLY
  109 00000000         
  110 00000000         
  111 00000000         ; Reset Handler
  112 00000000         
  113 00000000         Reset_Handler
                               PROC
  114 00000000                 EXPORT           Reset_Handler             [WEAK
]
  115 00000000         
  116 00000000         ; your code here
  117 00000000         
  118 00000000 F04F 0003       MOV              R0, #3      ; voglio lavorare i
                                                            n mode unprivileged
                                                            :
  119 00000004 F380 8814       MSR              CONTROL, R0 ; privilege --> unp
                                                            rivileged, Stack --
                                                            > PSP
  120 00000008 F8DF D078       LDR              SP, =Stack_Mem ; stack pointer 
                                                            --> stack/2, posizi
                                                            one del nuovo stack
                                                            , address: 0x100001
                                                            00
  121 0000000C         
  122 0000000C F04F 0711       MOV              R7, #0x11



ARM Macro Assembler    Page 4 


  123 00000010 DF10            SVC              0x10        ; chiamo la subrout
                                                            ine --> SVC_Handler
                                                             
  124 00000012         
  125 00000012 F85D 8B04       POP              {R8}
  126 00000016         
  127 00000016 F8DF 9070       LDR              R9, = SQResult
  128 0000001A F8C9 8000       STR              R8, [R9]
  129 0000001E         
  130 0000001E         
  131 0000001E E7FE            B                .
  132 00000020                 ENDP
  133 00000020         
  134 00000020         
  135 00000020         ; Dummy Exception Handlers (infinite loops which can be 
                       modified)
  136 00000020         
  137 00000020         NMI_Handler
                               PROC
  138 00000020                 EXPORT           NMI_Handler               [WEAK
]
  139 00000020 E7FE            B                .
  140 00000022                 ENDP
  142 00000022         HardFault_Handler
                               PROC
  143 00000022                 EXPORT           HardFault_Handler         [WEAK
]
  144 00000022 E7FE            B                .
  145 00000024                 ENDP
  147 00000024         MemManage_Handler
                               PROC
  148 00000024                 EXPORT           MemManage_Handler         [WEAK
]
  149 00000024 E7FE            B                .
  150 00000026                 ENDP
  152 00000026         BusFault_Handler
                               PROC
  153 00000026                 EXPORT           BusFault_Handler          [WEAK
]
  154 00000026 E7FE            B                .
  155 00000028                 ENDP
  157 00000028         UsageFault_Handler
                               PROC
  158 00000028                 EXPORT           UsageFault_Handler        [WEAK
]
  159 00000028 E7FE            B                .
  160 0000002A                 ENDP
  161 0000002A         SVC_Handler
                               PROC
  162 0000002A                 EXPORT           SVC_Handler               [WEAK
]
  163 0000002A         
  164 0000002A E92D 4FFF       STMFD            SP!, {R0-R11, LR} ; PUSH (salvo
                                                             tutto nello stack)
                                                            , usando l'MSP 
  165 0000002E         
  166 0000002E F01E 0F04       TST              LR, #2_0100 ; check del LR per 
                                                            vedere se salvare M
                                                            SP (privileged, bit



ARM Macro Assembler    Page 5 


                                                             a 0) o PSP (unpriv
                                                            ileged, bit a 1)   
                                                            
  167 00000032         
  168 00000032         ; MRSEQ R1, MSP      ; se privileged, MSP
  169 00000032 BF1C F3EF 
              8109             MRSNE            R1, PSP     ; essendo in unpriv
                                                            ileged, PSP
  170 00000038         
  171 00000038 6988            LDRNE            R0, [R1, #6*4] ; leggo PC se un
                                                            privileged : ossia 
                                                            leggo PC dal PSP al
                                                            l'indirizzo 'PSP + 
                                                            24'
  172 0000003A         ; LDREQ R0, [R1, #20*4]    ; leggo PC se privileged   : 
                       ossia leggo PC dal MSP 'MSP + ((6 + 14) * 4)'   _14 perc
                       hè ho salvato tutto prima_ 
  173 0000003A         
  174 0000003A F850 0C04       LDR              R0, [R0,#-4] ;    ; SVC = PC - 
                                                            4, dove c'è la l'is
                                                            trzione SVC
  175 0000003E F020 407F       BIC              R0, #0xFF000000 ; azzero i prim
                                                            i 8 bit
  176 00000042 EA4F 4010       LSR              R0, #16     ; shifto per elimin
                                                            are gli 0 e avere i
                                                            n R0 la 'condition'
                                                            
  177 00000046         
  178 00000046         
  179 00000046         ; in R7 c'è x
  180 00000046         
  181 00000046 2800            CMP              R0, #0
  182 00000048         
  183 00000048 BF08 FB07 
              F807             MULEQ            R8, R7, R7  ; se = 0 -->   SQUA
                                                            RED POWER: x^2
  184 0000004E D00C            BEQ              uscita
  185 00000050         
  186 00000050 2801            CMP              R0, #1      ;     
  187 00000052 D10A            BNE              uscita      ; se !=0 & !=1 --> 
                                                            niente, esci
  188 00000054         
  189 00000054         
  190 00000054         ; R7 = x | R8 = n | R9 = n^2
  191 00000054         
  192 00000054 F04F 0801       MOV              R8, #1
  193 00000058 FB08 F908 
                       loop    MUL              R9, R8, R8
  194 0000005C 45B9            CMP              R9, R7
  195 0000005E BFD8 F108 
              0801             ADDLE            R8, R8, #1
  196 00000064 DDF8            BLE              loop
  197 00000066 F108 38FF       ADD              R8, R8, #-1 ; all'ultima iteraz
                                                            ione : n^2 > x, dun
                                                            que si deve decreme
                                                            ntare di 1 
  198 0000006A         
  199 0000006A         
  200 0000006A         



ARM Macro Assembler    Page 6 


  201 0000006A F101 0624 
                       uscita  ADD              R6, R1, #36 ; calcolo indirizzo
                                                             in cui posizionare
                                                             il risultato nello
                                                             stack, come da tra
                                                            ccia
  202 0000006E         ; R6 = PSP + 32 : dunque primo slot da utilizzare è '+36
                       '
  203 0000006E F846 8C04       STMFD            R6, {R8}    ; salvo n in quell'
                                                            indirizzo
  204 00000072 F84D 8D04       PUSH             {R8}        ; salvo nello stack
                                                             il risultato final
                                                            e che poi memorizze
                                                            rò nella variabile 
                                                            di ritorno nel rese
                                                            t_H
  205 00000076 E8BD 5FFF       LDMFD            SP!, {R0-R12, LR} ; ripristino 
                                                            i valori dei regist
                                                            ri dallo stack
  206 0000007A         
  207 0000007A 4770            BX               LR          ; torno al reset_Ha
                                                            ndler, usando il LR
                                                             originale, prima c
                                                            he chiamasse SVC, r
                                                            estituendo un EXC_R
                                                            ETURN
  208 0000007C                 ENDP
  210 0000007C         DebugMon_Handler
                               PROC
  211 0000007C                 EXPORT           DebugMon_Handler          [WEAK
]
  212 0000007C E7FE            B                .
  213 0000007E                 ENDP
  214 0000007E         PendSV_Handler
                               PROC
  215 0000007E                 EXPORT           PendSV_Handler            [WEAK
]
  216 0000007E E7FE            B                .
  217 00000080                 ENDP
  218 00000080         SysTick_Handler
                               PROC
  219 00000080                 EXPORT           SysTick_Handler           [WEAK
]
  220 00000080 E7FE            B                .
  221 00000082                 ENDP
  222 00000082         
  223 00000082         Default_Handler
                               PROC
  224 00000082         
  225 00000082                 EXPORT           WDT_IRQHandler            [WEAK
]
  226 00000082                 EXPORT           TIMER0_IRQHandler         [WEAK
]
  227 00000082                 EXPORT           TIMER1_IRQHandler         [WEAK
]
  228 00000082                 EXPORT           TIMER2_IRQHandler         [WEAK
]
  229 00000082                 EXPORT           TIMER3_IRQHandler         [WEAK
]



ARM Macro Assembler    Page 7 


  230 00000082                 EXPORT           UART0_IRQHandler          [WEAK
]
  231 00000082                 EXPORT           UART1_IRQHandler          [WEAK
]
  232 00000082                 EXPORT           UART2_IRQHandler          [WEAK
]
  233 00000082                 EXPORT           UART3_IRQHandler          [WEAK
]
  234 00000082                 EXPORT           PWM1_IRQHandler           [WEAK
]
  235 00000082                 EXPORT           I2C0_IRQHandler           [WEAK
]
  236 00000082                 EXPORT           I2C1_IRQHandler           [WEAK
]
  237 00000082                 EXPORT           I2C2_IRQHandler           [WEAK
]
  238 00000082                 EXPORT           SPI_IRQHandler            [WEAK
]
  239 00000082                 EXPORT           SSP0_IRQHandler           [WEAK
]
  240 00000082                 EXPORT           SSP1_IRQHandler           [WEAK
]
  241 00000082                 EXPORT           PLL0_IRQHandler           [WEAK
]
  242 00000082                 EXPORT           RTC_IRQHandler            [WEAK
]
  243 00000082                 EXPORT           EINT0_IRQHandler          [WEAK
]
  244 00000082                 EXPORT           EINT1_IRQHandler          [WEAK
]
  245 00000082                 EXPORT           EINT2_IRQHandler          [WEAK
]
  246 00000082                 EXPORT           EINT3_IRQHandler          [WEAK
]
  247 00000082                 EXPORT           ADC_IRQHandler            [WEAK
]
  248 00000082                 EXPORT           BOD_IRQHandler            [WEAK
]
  249 00000082                 EXPORT           USB_IRQHandler            [WEAK
]
  250 00000082                 EXPORT           CAN_IRQHandler            [WEAK
]
  251 00000082                 EXPORT           DMA_IRQHandler            [WEAK
]
  252 00000082                 EXPORT           I2S_IRQHandler            [WEAK
]
  253 00000082                 EXPORT           ENET_IRQHandler           [WEAK
]
  254 00000082                 EXPORT           RIT_IRQHandler            [WEAK
]
  255 00000082                 EXPORT           MCPWM_IRQHandler          [WEAK
]
  256 00000082                 EXPORT           QEI_IRQHandler            [WEAK
]
  257 00000082                 EXPORT           PLL1_IRQHandler           [WEAK
]
  258 00000082                 EXPORT           USBActivity_IRQHandler    [WEAK
]
  259 00000082                 EXPORT           CANActivity_IRQHandler    [WEAK



ARM Macro Assembler    Page 8 


]
  260 00000082         
  261 00000082         WDT_IRQHandler
  262 00000082         TIMER0_IRQHandler
  263 00000082         TIMER1_IRQHandler
  264 00000082         TIMER2_IRQHandler
  265 00000082         TIMER3_IRQHandler
  266 00000082         UART0_IRQHandler
  267 00000082         UART1_IRQHandler
  268 00000082         UART2_IRQHandler
  269 00000082         UART3_IRQHandler
  270 00000082         PWM1_IRQHandler
  271 00000082         I2C0_IRQHandler
  272 00000082         I2C1_IRQHandler
  273 00000082         I2C2_IRQHandler
  274 00000082         SPI_IRQHandler
  275 00000082         SSP0_IRQHandler
  276 00000082         SSP1_IRQHandler
  277 00000082         PLL0_IRQHandler
  278 00000082         RTC_IRQHandler
  279 00000082         EINT0_IRQHandler
  280 00000082         EINT1_IRQHandler
  281 00000082         EINT2_IRQHandler
  282 00000082         EINT3_IRQHandler
  283 00000082         ADC_IRQHandler
  284 00000082         BOD_IRQHandler
  285 00000082         USB_IRQHandler
  286 00000082         CAN_IRQHandler
  287 00000082         DMA_IRQHandler
  288 00000082         I2S_IRQHandler
  289 00000082         ENET_IRQHandler
  290 00000082         RIT_IRQHandler
  291 00000082         MCPWM_IRQHandler
  292 00000082         QEI_IRQHandler
  293 00000082         PLL1_IRQHandler
  294 00000082         USBActivity_IRQHandler
  295 00000082         CANActivity_IRQHandler
  296 00000082         
  297 00000082 E7FE            B                .
  298 00000084         
  299 00000084                 ENDP
  300 00000084         
  301 00000084         
  302 00000084                 ALIGN
  303 00000084         
  304 00000084         
  305 00000084         ; User Initial Stack & Heap
  306 00000084         
  307 00000084                 EXPORT           __initial_sp
  308 00000084                 EXPORT           __heap_base
  309 00000084                 EXPORT           __heap_limit
  310 00000084         
  311 00000084                 END
              00000000 
              00000000 
Command Line: --debug --xref --diag_suppress=9931 --cpu=Cortex-M3 --apcs=interw
ork --depend=.\template.d -o.\template.o -IC:\Keil_v5\ARM\RV31\INC -IC:\Keil_v5
\ARM\CMSIS\Include -IC:\Keil_v5\ARM\INC\NXP\LPC17xx --predefine="__EVAL SETA 1"
 --predefine="__UVISION_VERSION SETA 536" --list=.\template.lst template.s



ARM Macro Assembler    Page 1 Alphabetic symbol ordering
Relocatable symbols

STACK 00000000

Symbol: STACK
   Definitions
      At line 16 in file template.s
   Uses
      None
Comment: STACK unused
Stack_Mem 00000100

Symbol: Stack_Mem
   Definitions
      At line 18 in file template.s
   Uses
      At line 120 in file template.s
Comment: Stack_Mem used once
__initial_sp 00000200

Symbol: __initial_sp
   Definitions
      At line 19 in file template.s
   Uses
      At line 45 in file template.s
      At line 307 in file template.s

3 symbols



ARM Macro Assembler    Page 1 Alphabetic symbol ordering
Relocatable symbols

HEAP 00000000

Symbol: HEAP
   Definitions
      At line 30 in file template.s
   Uses
      None
Comment: HEAP unused
Heap_Mem 00000000

Symbol: Heap_Mem
   Definitions
      At line 32 in file template.s
   Uses
      None
Comment: Heap_Mem unused
__heap_base 00000000

Symbol: __heap_base
   Definitions
      At line 31 in file template.s
   Uses
      At line 308 in file template.s
Comment: __heap_base used once
__heap_limit 00000200

Symbol: __heap_limit
   Definitions
      At line 33 in file template.s
   Uses
      At line 309 in file template.s
Comment: __heap_limit used once
4 symbols



ARM Macro Assembler    Page 1 Alphabetic symbol ordering
Relocatable symbols

RESET 00000000

Symbol: RESET
   Definitions
      At line 42 in file template.s
   Uses
      None
Comment: RESET unused
__Vectors 00000000

Symbol: __Vectors
   Definitions
      At line 45 in file template.s
   Uses
      At line 43 in file template.s
Comment: __Vectors used once
2 symbols



ARM Macro Assembler    Page 1 Alphabetic symbol ordering
Relocatable symbols

.ARM.__at_0x02FC 00000000

Symbol: .ARM.__at_0x02FC
   Definitions
      At line 101 in file template.s
   Uses
      None
Comment: .ARM.__at_0x02FC unused
CRP_Key 00000000

Symbol: CRP_Key
   Definitions
      At line 102 in file template.s
   Uses
      None
Comment: CRP_Key unused
2 symbols



ARM Macro Assembler    Page 1 Alphabetic symbol ordering
Relocatable symbols

SQResult 00000000

Symbol: SQResult
   Definitions
      At line 106 in file template.s
   Uses
      At line 127 in file template.s
Comment: SQResult used once
my_data 00000000

Symbol: my_data
   Definitions
      At line 105 in file template.s
   Uses
      None
Comment: my_data unused
2 symbols



ARM Macro Assembler    Page 1 Alphabetic symbol ordering
Relocatable symbols

.text 00000000

Symbol: .text
   Definitions
      At line 108 in file template.s
   Uses
      None
Comment: .text unused
ADC_IRQHandler 00000082

Symbol: ADC_IRQHandler
   Definitions
      At line 283 in file template.s
   Uses
      At line 85 in file template.s
      At line 247 in file template.s

BOD_IRQHandler 00000082

Symbol: BOD_IRQHandler
   Definitions
      At line 284 in file template.s
   Uses
      At line 86 in file template.s
      At line 248 in file template.s

BusFault_Handler 00000026

Symbol: BusFault_Handler
   Definitions
      At line 152 in file template.s
   Uses
      At line 50 in file template.s
      At line 153 in file template.s

CANActivity_IRQHandler 00000082

Symbol: CANActivity_IRQHandler
   Definitions
      At line 295 in file template.s
   Uses
      At line 97 in file template.s
      At line 259 in file template.s

CAN_IRQHandler 00000082

Symbol: CAN_IRQHandler
   Definitions
      At line 286 in file template.s
   Uses
      At line 88 in file template.s
      At line 250 in file template.s

DMA_IRQHandler 00000082

Symbol: DMA_IRQHandler
   Definitions
      At line 287 in file template.s
   Uses



ARM Macro Assembler    Page 2 Alphabetic symbol ordering
Relocatable symbols

      At line 89 in file template.s
      At line 251 in file template.s

DebugMon_Handler 0000007C

Symbol: DebugMon_Handler
   Definitions
      At line 210 in file template.s
   Uses
      At line 57 in file template.s
      At line 211 in file template.s

Default_Handler 00000082

Symbol: Default_Handler
   Definitions
      At line 223 in file template.s
   Uses
      None
Comment: Default_Handler unused
EINT0_IRQHandler 00000082

Symbol: EINT0_IRQHandler
   Definitions
      At line 279 in file template.s
   Uses
      At line 81 in file template.s
      At line 243 in file template.s

EINT1_IRQHandler 00000082

Symbol: EINT1_IRQHandler
   Definitions
      At line 280 in file template.s
   Uses
      At line 82 in file template.s
      At line 244 in file template.s

EINT2_IRQHandler 00000082

Symbol: EINT2_IRQHandler
   Definitions
      At line 281 in file template.s
   Uses
      At line 83 in file template.s
      At line 245 in file template.s

EINT3_IRQHandler 00000082

Symbol: EINT3_IRQHandler
   Definitions
      At line 282 in file template.s
   Uses
      At line 84 in file template.s
      At line 246 in file template.s

ENET_IRQHandler 00000082

Symbol: ENET_IRQHandler



ARM Macro Assembler    Page 3 Alphabetic symbol ordering
Relocatable symbols

   Definitions
      At line 289 in file template.s
   Uses
      At line 91 in file template.s
      At line 253 in file template.s

HardFault_Handler 00000022

Symbol: HardFault_Handler
   Definitions
      At line 142 in file template.s
   Uses
      At line 48 in file template.s
      At line 143 in file template.s

I2C0_IRQHandler 00000082

Symbol: I2C0_IRQHandler
   Definitions
      At line 271 in file template.s
   Uses
      At line 73 in file template.s
      At line 235 in file template.s

I2C1_IRQHandler 00000082

Symbol: I2C1_IRQHandler
   Definitions
      At line 272 in file template.s
   Uses
      At line 74 in file template.s
      At line 236 in file template.s

I2C2_IRQHandler 00000082

Symbol: I2C2_IRQHandler
   Definitions
      At line 273 in file template.s
   Uses
      At line 75 in file template.s
      At line 237 in file template.s

I2S_IRQHandler 00000082

Symbol: I2S_IRQHandler
   Definitions
      At line 288 in file template.s
   Uses
      At line 90 in file template.s
      At line 252 in file template.s

MCPWM_IRQHandler 00000082

Symbol: MCPWM_IRQHandler
   Definitions
      At line 291 in file template.s
   Uses
      At line 93 in file template.s
      At line 255 in file template.s



ARM Macro Assembler    Page 4 Alphabetic symbol ordering
Relocatable symbols


MemManage_Handler 00000024

Symbol: MemManage_Handler
   Definitions
      At line 147 in file template.s
   Uses
      At line 49 in file template.s
      At line 148 in file template.s

NMI_Handler 00000020

Symbol: NMI_Handler
   Definitions
      At line 137 in file template.s
   Uses
      At line 47 in file template.s
      At line 138 in file template.s

PLL0_IRQHandler 00000082

Symbol: PLL0_IRQHandler
   Definitions
      At line 277 in file template.s
   Uses
      At line 79 in file template.s
      At line 241 in file template.s

PLL1_IRQHandler 00000082

Symbol: PLL1_IRQHandler
   Definitions
      At line 293 in file template.s
   Uses
      At line 95 in file template.s
      At line 257 in file template.s

PWM1_IRQHandler 00000082

Symbol: PWM1_IRQHandler
   Definitions
      At line 270 in file template.s
   Uses
      At line 72 in file template.s
      At line 234 in file template.s

PendSV_Handler 0000007E

Symbol: PendSV_Handler
   Definitions
      At line 214 in file template.s
   Uses
      At line 59 in file template.s
      At line 215 in file template.s

QEI_IRQHandler 00000082

Symbol: QEI_IRQHandler
   Definitions



ARM Macro Assembler    Page 5 Alphabetic symbol ordering
Relocatable symbols

      At line 292 in file template.s
   Uses
      At line 94 in file template.s
      At line 256 in file template.s

RIT_IRQHandler 00000082

Symbol: RIT_IRQHandler
   Definitions
      At line 290 in file template.s
   Uses
      At line 92 in file template.s
      At line 254 in file template.s

RTC_IRQHandler 00000082

Symbol: RTC_IRQHandler
   Definitions
      At line 278 in file template.s
   Uses
      At line 80 in file template.s
      At line 242 in file template.s

Reset_Handler 00000000

Symbol: Reset_Handler
   Definitions
      At line 113 in file template.s
   Uses
      At line 46 in file template.s
      At line 114 in file template.s

SPI_IRQHandler 00000082

Symbol: SPI_IRQHandler
   Definitions
      At line 274 in file template.s
   Uses
      At line 76 in file template.s
      At line 238 in file template.s

SSP0_IRQHandler 00000082

Symbol: SSP0_IRQHandler
   Definitions
      At line 275 in file template.s
   Uses
      At line 77 in file template.s
      At line 239 in file template.s

SSP1_IRQHandler 00000082

Symbol: SSP1_IRQHandler
   Definitions
      At line 276 in file template.s
   Uses
      At line 78 in file template.s
      At line 240 in file template.s




ARM Macro Assembler    Page 6 Alphabetic symbol ordering
Relocatable symbols

SVC_Handler 0000002A

Symbol: SVC_Handler
   Definitions
      At line 161 in file template.s
   Uses
      At line 56 in file template.s
      At line 162 in file template.s

SysTick_Handler 00000080

Symbol: SysTick_Handler
   Definitions
      At line 218 in file template.s
   Uses
      At line 60 in file template.s
      At line 219 in file template.s

TIMER0_IRQHandler 00000082

Symbol: TIMER0_IRQHandler
   Definitions
      At line 262 in file template.s
   Uses
      At line 64 in file template.s
      At line 226 in file template.s

TIMER1_IRQHandler 00000082

Symbol: TIMER1_IRQHandler
   Definitions
      At line 263 in file template.s
   Uses
      At line 65 in file template.s
      At line 227 in file template.s

TIMER2_IRQHandler 00000082

Symbol: TIMER2_IRQHandler
   Definitions
      At line 264 in file template.s
   Uses
      At line 66 in file template.s
      At line 228 in file template.s

TIMER3_IRQHandler 00000082

Symbol: TIMER3_IRQHandler
   Definitions
      At line 265 in file template.s
   Uses
      At line 67 in file template.s
      At line 229 in file template.s

UART0_IRQHandler 00000082

Symbol: UART0_IRQHandler
   Definitions
      At line 266 in file template.s



ARM Macro Assembler    Page 7 Alphabetic symbol ordering
Relocatable symbols

   Uses
      At line 68 in file template.s
      At line 230 in file template.s

UART1_IRQHandler 00000082

Symbol: UART1_IRQHandler
   Definitions
      At line 267 in file template.s
   Uses
      At line 69 in file template.s
      At line 231 in file template.s

UART2_IRQHandler 00000082

Symbol: UART2_IRQHandler
   Definitions
      At line 268 in file template.s
   Uses
      At line 70 in file template.s
      At line 232 in file template.s

UART3_IRQHandler 00000082

Symbol: UART3_IRQHandler
   Definitions
      At line 269 in file template.s
   Uses
      At line 71 in file template.s
      At line 233 in file template.s

USBActivity_IRQHandler 00000082

Symbol: USBActivity_IRQHandler
   Definitions
      At line 294 in file template.s
   Uses
      At line 96 in file template.s
      At line 258 in file template.s

USB_IRQHandler 00000082

Symbol: USB_IRQHandler
   Definitions
      At line 285 in file template.s
   Uses
      At line 87 in file template.s
      At line 249 in file template.s

UsageFault_Handler 00000028

Symbol: UsageFault_Handler
   Definitions
      At line 157 in file template.s
   Uses
      At line 51 in file template.s
      At line 158 in file template.s

WDT_IRQHandler 00000082



ARM Macro Assembler    Page 8 Alphabetic symbol ordering
Relocatable symbols


Symbol: WDT_IRQHandler
   Definitions
      At line 261 in file template.s
   Uses
      At line 63 in file template.s
      At line 225 in file template.s

loop 00000058

Symbol: loop
   Definitions
      At line 193 in file template.s
   Uses
      At line 196 in file template.s
Comment: loop used once
uscita 0000006A

Symbol: uscita
   Definitions
      At line 201 in file template.s
   Uses
      At line 184 in file template.s
      At line 187 in file template.s

49 symbols



ARM Macro Assembler    Page 1 Alphabetic symbol ordering
Absolute symbols

Heap_Size 00000200

Symbol: Heap_Size
   Definitions
      At line 28 in file template.s
   Uses
      At line 32 in file template.s
Comment: Heap_Size used once
Stack_Size 00000200

Symbol: Stack_Size
   Definitions
      At line 14 in file template.s
   Uses
      At line 17 in file template.s
      At line 18 in file template.s

2 symbols
400 symbols in table
