


ARM Macro Assembler    Page 1 


    1 00000000         ;/******************************************************
                       ********************//**
    2 00000000         ; * @file     startup_LPC17xx.s
    3 00000000         ; * @brief    CMSIS Cortex-M3 Core Device Startup File f
                       or
    4 00000000         ; *           NXP LPC17xx Device Series
    5 00000000         ; * @version  V1.10
    6 00000000         ; * @date     06. April 2011
    7 00000000         ; *
    8 00000000         ; * @note
    9 00000000         ; * Copyright (C) 2009-2011 ARM Limited. All rights rese
                       rved.
   10 00000000         ; *
   11 00000000         ; * @par
   12 00000000         ; * ARM Limited (ARM) is supplying this software for use
                        with Cortex-M
   13 00000000         ; * processor based microcontrollers.  This file can be 
                       freely distributed
   14 00000000         ; * within development tools that are supporting such AR
                       M based processors.
   15 00000000         ; *
   16 00000000         ; * @par
   17 00000000         ; * THIS SOFTWARE IS PROVIDED "AS IS".  NO WARRANTIES, W
                       HETHER EXPRESS, IMPLIED
   18 00000000         ; * OR STATUTORY, INCLUDING, BUT NOT LIMITED TO, IMPLIED
                        WARRANTIES OF
   19 00000000         ; * MERCHANTABILITY AND FITNESS FOR A PARTICULAR PURPOSE
                        APPLY TO THIS SOFTWARE.
   20 00000000         ; * ARM SHALL NOT, IN ANY CIRCUMSTANCES, BE LIABLE FOR S
                       PECIAL, INCIDENTAL, OR
   21 00000000         ; * CONSEQUENTIAL DAMAGES, FOR ANY REASON WHATSOEVER.
   22 00000000         ; *
   23 00000000         ; ******************************************************
                       ************************/
   24 00000000         
   25 00000000         ; *------- <<< Use Configuration Wizard in Context Menu 
                       >>> ------------------
   26 00000000         
   27 00000000         ; <h> Stack Configuration
   28 00000000         ;   <o> Stack Size (in Bytes) <0x0-0xFFFFFFFF:8>
   29 00000000         ; </h>
   30 00000000         
   31 00000000 00000200 
                       Stack_Size
                               EQU              0x00000200
   32 00000000         
   33 00000000                 AREA             STACK, NOINIT, READWRITE, ALIGN
=3
   34 00000000         Stack_Mem
                               SPACE            Stack_Size
   35 00000200         __initial_sp
   36 00000200         
   37 00000200         
   38 00000200         ; <h> Heap Configuration
   39 00000200         ;   <o>  Heap Size (in Bytes) <0x0-0xFFFFFFFF:8>
   40 00000200         ; </h>
   41 00000200         
   42 00000200 00000000 
                       Heap_Size



ARM Macro Assembler    Page 2 


                               EQU              0x00000000
   43 00000200         
   44 00000200                 AREA             HEAP, NOINIT, READWRITE, ALIGN=
3
   45 00000000         __heap_base
   46 00000000         Heap_Mem
                               SPACE            Heap_Size
   47 00000000         __heap_limit
   48 00000000         
   49 00000000         
   50 00000000                 PRESERVE8
   51 00000000                 THUMB
   52 00000000         
   53 00000000         
   54 00000000         ; Vector Table Mapped to Address 0 at Reset
   55 00000000         
   56 00000000                 AREA             RESET, DATA, READONLY
   57 00000000                 EXPORT           __Vectors
   58 00000000         
   59 00000000 00000000 
                       __Vectors
                               DCD              __initial_sp ; Top of Stack
   60 00000004 00000000        DCD              Reset_Handler ; Reset Handler
   61 00000008 00000000        DCD              NMI_Handler ; NMI Handler
   62 0000000C 00000000        DCD              HardFault_Handler ; Hard Fault 
                                                            Handler
   63 00000010 00000000        DCD              MemManage_Handler 
                                                            ; MPU Fault Handler
                                                            
   64 00000014 00000000        DCD              BusFault_Handler 
                                                            ; Bus Fault Handler
                                                            
   65 00000018 00000000        DCD              UsageFault_Handler ; Usage Faul
                                                            t Handler
   66 0000001C 00000000        DCD              0           ; Reserved
   67 00000020 00000000        DCD              0           ; Reserved
   68 00000024 00000000        DCD              0           ; Reserved
   69 00000028 00000000        DCD              0           ; Reserved
   70 0000002C 00000000        DCD              SVC_Handler ; SVCall Handler
   71 00000030 00000000        DCD              DebugMon_Handler ; Debug Monito
                                                            r Handler
   72 00000034 00000000        DCD              0           ; Reserved
   73 00000038 00000000        DCD              PendSV_Handler ; PendSV Handler
                                                            
   74 0000003C 00000000        DCD              SysTick_Handler 
                                                            ; SysTick Handler
   75 00000040         
   76 00000040         ; External Interrupts
   77 00000040 00000000        DCD              WDT_IRQHandler ; 16: Watchdog T
                                                            imer
   78 00000044 00000000        DCD              TIMER0_IRQHandler ; 17: Timer0
   79 00000048 00000000        DCD              TIMER1_IRQHandler ; 18: Timer1
   80 0000004C 00000000        DCD              TIMER2_IRQHandler ; 19: Timer2
   81 00000050 00000000        DCD              TIMER3_IRQHandler ; 20: Timer3
   82 00000054 00000000        DCD              UART0_IRQHandler ; 21: UART0
   83 00000058 00000000        DCD              UART1_IRQHandler ; 22: UART1
   84 0000005C 00000000        DCD              UART2_IRQHandler ; 23: UART2
   85 00000060 00000000        DCD              UART3_IRQHandler ; 24: UART3
   86 00000064 00000000        DCD              PWM1_IRQHandler ; 25: PWM1



ARM Macro Assembler    Page 3 


   87 00000068 00000000        DCD              I2C0_IRQHandler ; 26: I2C0
   88 0000006C 00000000        DCD              I2C1_IRQHandler ; 27: I2C1
   89 00000070 00000000        DCD              I2C2_IRQHandler ; 28: I2C2
   90 00000074 00000000        DCD              SPI_IRQHandler ; 29: SPI
   91 00000078 00000000        DCD              SSP0_IRQHandler ; 30: SSP0
   92 0000007C 00000000        DCD              SSP1_IRQHandler ; 31: SSP1
   93 00000080 00000000        DCD              PLL0_IRQHandler ; 32: PLL0 Lock
                                                             (Main PLL)
   94 00000084 00000000        DCD              RTC_IRQHandler ; 33: Real Time 
                                                            Clock
   95 00000088 00000000        DCD              EINT0_IRQHandler ; 34: External
                                                             Interrupt 0
   96 0000008C 00000000        DCD              EINT1_IRQHandler ; 35: External
                                                             Interrupt 1
   97 00000090 00000000        DCD              EINT2_IRQHandler ; 36: External
                                                             Interrupt 2
   98 00000094 00000000        DCD              EINT3_IRQHandler ; 37: External
                                                             Interrupt 3
   99 00000098 00000000        DCD              ADC_IRQHandler 
                                                            ; 38: A/D Converter
                                                            
  100 0000009C 00000000        DCD              BOD_IRQHandler ; 39: Brown-Out 
                                                            Detect
  101 000000A0 00000000        DCD              USB_IRQHandler ; 40: USB
  102 000000A4 00000000        DCD              CAN_IRQHandler ; 41: CAN
  103 000000A8 00000000        DCD              DMA_IRQHandler ; 42: General Pu
                                                            rpose DMA
  104 000000AC 00000000        DCD              I2S_IRQHandler ; 43: I2S
  105 000000B0 00000000        DCD              ENET_IRQHandler ; 44: Ethernet
  106 000000B4 00000000        DCD              RIT_IRQHandler ; 45: Repetitive
                                                             Interrupt Timer
  107 000000B8 00000000        DCD              MCPWM_IRQHandler ; 46: Motor Co
                                                            ntrol PWM
  108 000000BC 00000000        DCD              QEI_IRQHandler ; 47: Quadrature
                                                             Encoder Interface
  109 000000C0 00000000        DCD              PLL1_IRQHandler ; 48: PLL1 Lock
                                                             (USB PLL)
  110 000000C4 00000000        DCD              USBActivity_IRQHandler ; 49: US
                                                            B Activity interrup
                                                            t to wakeup
  111 000000C8 00000000        DCD              CANActivity_IRQHandler ; 50: CA
                                                            N Activity interrup
                                                            t to wakeup
  112 000000CC         
  113 000000CC         
  114 000000CC                 IF               :LNOT::DEF:NO_CRP
  115 000000CC                 AREA             |.ARM.__at_0x02FC|, CODE, READO
NLY
  116 00000000 FFFFFFFF 
                       CRP_Key DCD              0xFFFFFFFF
  117 00000004                 ENDIF
  118 00000004         
  119 00000004         
  120 00000004                 AREA             my_data1, DATA, READWRITE
  121 00000000 00 00 00 
              00       total_tickets
                               space            4
  122 00000004         
  123 00000004                 AREA             my_data2, DATA, READWRITE



ARM Macro Assembler    Page 4 


  124 00000000 00 00 00 
              00 00 00 
              00 00 00 
              00 00 00 
              00 00 00 
              00 00 00 
              00 00 00 
              00 00 00 
              00 00 00 
              00 00 00 
              00 00 00 
              00 00 00 
              00 00 00 
              00 00 00 
              00 00 00 
              00 00 00         space            48
  125 00000030         Sector_quantity_update
  126 00000030 00000002 
              000000FA 
              00000005 
              000000FA 
              00000003 
              00000226 
              00000001 
              00000096 
              00000004         DCD              0x02, 250, 0x05, 250, 0x03, 550
, 0x01, 150, 0x04
  127 00000054 00000064 
              00000006 
              000000C8         DCD              100, 0x06, 200
  128 00000060         
  129 00000060                 AREA             |.text|, CODE, READONLY
  130 00000000         
  131 00000000         
  132 00000000         ; Reset Handler
  133 00000000         
  134 00000000         Reset_Handler
                               PROC
  135 00000000                 EXPORT           Reset_Handler             [WEAK
]
  136 00000000         
  137 00000000         
  138 00000000         ; loop iniziale per ricopiare valori default di sector_q
                       uantity in sector_quantity_update
  139 00000000 4853            LDR              R0, = Sector_quantity_update
  140 00000002 4954            LDR              R1, = Sector_quantity
  141 00000004 F04F 020C       MOV              R2, #12
  142 00000008         
  143 00000008 680B    loop_in LDR              R3, [R1]
  144 0000000A 6003            STR              R3, [R0]
  145 0000000C F101 0104       ADD              R1, R1, #4
  146 00000010 F100 0004       ADD              R0, R0, #4
  147 00000014 1E52            SUBS             R2, R2, #1
  148 00000016 D1F7            BNE              loop_in
  149 00000018         
  150 00000018         
  151 00000018 484F            LDR              R0, = Sector_prices ; puntatore
                                                             all'indirizzo iniz
                                                            io vettore 'sector_



ARM Macro Assembler    Page 5 


                                                            prices'
  152 0000001A 494D            LDR              R1, = Sector_quantity_update ; 
                                                            puntatore all'indir
                                                            izzo inizio vettore
                                                             'sector_quantity'
  153 0000001C 4A4F            LDR              R2, = Num_sectors
  154 0000001E 6812            LDR              R2, [R2]    ; numero di settori
                                                             disponibili
  155 00000020 4693            MOV              R11, R2
  156 00000022 4B4F            LDR              R3, = Tickets ; puntatore all'i
                                                            ndirizzo inizio vet
                                                            tore di request 'ti
                                                            ckets'
  157 00000024 4C4F            LDR              R4, = Ticket_requests
  158 00000026 6824            LDR              R4, [R4]    ; tickets request
  159 00000028         
  160 00000028         loop1                                ; riaggiorno i dati
                                                             memorizzati in mem
                                                            oria per i cicli su
                                                            ccessivi
  161 00000028         
  162 00000028 484B            LDR              R0, = Sector_prices ; puntatore
                                                             all'indirizzo iniz
                                                            io vettore 'sector_
                                                            prices'
  163 0000002A 4949            LDR              R1, = Sector_quantity_update ; 
                                                            puntatore all'indir
                                                            izzo inizio vettore
                                                             'sector_quantity'
  164 0000002C 4A4B            LDR              R2, = Num_sectors
  165 0000002E 6812            LDR              R2, [R2]    ; numero di settori
                                                             disponibili
  166 00000030 4693            MOV              R11, R2
  167 00000032         
  168 00000032         ; inizio 'vero' del loop
  169 00000032         
  170 00000032 681D            LDR              R5, [R3]    ; leggo richiesta S
                                                            ETTORE i-esimo    
  171 00000034 685E            LDR              R6, [R3, #4] ; leggo richiesta 
                                                            QUANTITA' dell'i-es
                                                            imo SETTORE
  172 00000036         
  173 00000036         
  174 00000036         
  175 00000036 680F    loop2   LDR              R7, [R1]    ; leggo SETTORE j-e
                                                            simo
  176 00000038 F8D1 8004       LDR              R8, [R1, #4] ; leggo QUANTITA' 
                                                            disponibile del j-e
                                                            simo SETTORE
  177 0000003C 42BD            CMP              R5, R7      ; verifico se il se
                                                            ttore è quello rich
                                                            iesto
  178 0000003E D005            BEQ              loop3
  179 00000040 F101 0108       ADD              R1, R1, #8  ; aggiorno ciclo in
                                                            terno (j)
  180 00000044 1E52            SUBS             R2, R2, #1  ; decremento counte
                                                            r di ciclo interno 
                                                            (j)
  181 00000046 D1F6            BNE              loop2



ARM Macro Assembler    Page 6 


  182 00000048         
  183 00000048 F103 0308       ADD              R3, R3, #8  ; aggiorno ciclo es
                                                            terno (i)
  184 0000004C         
  185 0000004C         
  186 0000004C EBB8 0A06 
                       loop3   SUBS             R10, R8, R6 ; la quantità richi
                                                            esta è disponibile?
                                                             disponibile (R8) -
                                                             richiesta (R6)
  187 00000050         
  188 00000050 BF41 F8DF 
              911C             LDRMI            R9, = total_tickets ; se il SET
                                                            TORE è SOLD-OUT 
  189 00000056 F04F 0A00       MOVMI            R10, #0
  190 0000005A F8C9 A000       STRMI            R10, [R9]   ; 0 in total_ticket
                                                            s
  191 0000005E F04F 0B01       MOVMI            R11, #0x01  ; 0x01 in R11
  192 00000062 BF48 3308       ADDMI            R3, R3, #8  ; aggiorno ciclo es
                                                            terno (i)
  193 00000066         
  194 00000066 BF1E F8D0 
              9000             LDRNE            R9, [R0]    ; leggo SETTORE k-e
                                                            simo
  195 0000006C F8D0 A004       LDRNE            R10, [R0, #4] ; leggo PREZZO de
                                                            l SETTORE k-esimo
  196 00000070 454D            CMPNE            R5, R9
  197 00000072         
  198 00000072 D000            BEQ              uguale      ; non potendo usare
                                                             doppi conditional 
                                                            flag, splitto con d
                                                            ue salti
  199 00000074 D112            BNE              non_uguale
  200 00000076         
  201 00000076         uguale
  202 00000076 FB0A FA06       MUL              R10, R10, R6 ; moltiplico prezz
                                                            o per quantità rich
                                                            iesta
  203 0000007A B401            PUSH             {R0}        ; finiti i registri
                                                            , salvo momentaneam
                                                            ente r0 per usarlo
  204 0000007C 2E0A            CMP              R6, #10     ; se i biglietti ri
                                                            chiesti sono > 10 -
                                                            -> 
  205 0000007E BFC4 2002       MOVGT            R0, #2      ; BLACK FRIDAY --->
                                                             
  206 00000082 FB9A FAF0       SDIVGT           R10, R10, R0 ; 50% di SCONTO
  207 00000086 BC01            POP              {R0}
  208 00000088 44D4            ADD              R12, R12, R10 ; aggiorno prezzo
                                                             totale
  209 0000008A EBA8 0806       SUB              R8, R8, R6  ; aggiorno registro
                                                             quantità disponibi
                                                            le
  210 0000008E F101 0104       ADD              R1, R1, #4
  211 00000092 F8C1 8000       STR              R8, [R1]    ; aggiorno vettore 
                                                            quantità disponibil
                                                            e
  212 00000096 F1A1 0104       SUB              R1, R1, #4
  213 0000009A 454D            CMP              R5, R9      ; rifaccio la compa



ARM Macro Assembler    Page 7 


                                                            re per attivare i f
                                                            lag per le operazio
                                                            ni sotto
  214 0000009C         
  215 0000009C BF04 3308 
                       non_uguale
                               ADDEQ            R3, R3, #8  ; aggiorno ciclo es
                                                            terno (i)
  216 000000A0 F04F 0B01       MOVEQ            R11, #1     ; aggiorno counter 
                                                            per terminare il lo
                                                            op3, visto che ho t
                                                            rovato il match per
                                                             questo 'giro'
  217 000000A4         
  218 000000A4 F100 0008       ADD              R0, R0, #8  ; aggiorno ciclo (k
                                                            )
  219 000000A8 F1BB 0B01       SUBS             R11, R11, #1 ; decremento count
                                                            er di ciclo (k)
  220 000000AC D1CE            BNE              loop3
  221 000000AE         
  222 000000AE 1E64            SUBS             R4, R4, #1  ; decremento counte
                                                            r di ciclo esterno 
                                                            (i)
  223 000000B0 D1BA            BNE              loop1
  224 000000B2         
  225 000000B2 482F            LDR              R0, = total_tickets ; rileggo i
                                                            ndirizzo della vari
                                                            abile result in RAM
                                                            
  226 000000B4 F8C0 C000       STR              R12, [R0]   ; e la aggiorno con
                                                             il prezzo totale r
                                                            ichiesto
  227 000000B8         
  228 000000B8 E7FE            B                .
  229 000000BA                 ENDP
  230 000000BA         
  231 000000BA         
  232 000000BA 00 00 00000001 
              00000019 
              00000002 
              00000028 
              00000003 
              00000037 
              00000004 
              00000041 
              00000005 
              00000050 Sector_prices
                               DCD              0x01, 25, 0x02, 40, 0x03, 55, 0
x04, 65, 0x05, 80
  233 000000E4 00000006 
              0000006E         DCD              0x06, 110
  234 000000EC         
  235 000000EC 00000002 
              000000FA 
              00000005 
              000000FA 
              00000003 
              00000226 
              00000001 



ARM Macro Assembler    Page 8 


              00000096 
              00000004 Sector_quantity
                               DCD              0x02, 250, 0x05, 250, 0x03, 550
, 0x01, 150, 0x04
  236 00000110 00000064 
              00000006 
              000000C8         DCD              100, 0x06, 200
  237 0000011C         
  238 0000011C 06      Num_sectors
                               DCB              6
  239 0000011D         
  240 0000011D 00 00 00 
              00000005 
              00000002 
              00000003 
              0000000A 
              00000001 
              00000078 Tickets DCD              0x05, 2, 0x03, 10, 0x01, 120
  241 00000138         
  242 00000138 00000003 
                       Ticket_requests
                               DCD              3
  243 0000013C         
  244 0000013C         
  245 0000013C         
  246 0000013C         ; Dummy Exception Handlers (infinite loops which can be 
                       modified)
  247 0000013C         
  248 0000013C         NMI_Handler
                               PROC
  249 0000013C                 EXPORT           NMI_Handler               [WEAK
]
  250 0000013C E7FE            B                .
  251 0000013E                 ENDP
  253 0000013E         HardFault_Handler
                               PROC
  254 0000013E                 EXPORT           HardFault_Handler         [WEAK
]
  255 0000013E E7FE            B                .
  256 00000140                 ENDP
  258 00000140         MemManage_Handler
                               PROC
  259 00000140                 EXPORT           MemManage_Handler         [WEAK
]
  260 00000140 E7FE            B                .
  261 00000142                 ENDP
  263 00000142         BusFault_Handler
                               PROC
  264 00000142                 EXPORT           BusFault_Handler          [WEAK
]
  265 00000142 E7FE            B                .
  266 00000144                 ENDP
  268 00000144         UsageFault_Handler
                               PROC
  269 00000144                 EXPORT           UsageFault_Handler        [WEAK
]
  270 00000144 E7FE            B                .
  271 00000146                 ENDP
  272 00000146         SVC_Handler



ARM Macro Assembler    Page 9 


                               PROC
  273 00000146                 EXPORT           SVC_Handler               [WEAK
]
  274 00000146 E7FE            B                .
  275 00000148                 ENDP
  277 00000148         DebugMon_Handler
                               PROC
  278 00000148                 EXPORT           DebugMon_Handler          [WEAK
]
  279 00000148 E7FE            B                .
  280 0000014A                 ENDP
  281 0000014A         PendSV_Handler
                               PROC
  282 0000014A                 EXPORT           PendSV_Handler            [WEAK
]
  283 0000014A E7FE            B                .
  284 0000014C                 ENDP
  285 0000014C         SysTick_Handler
                               PROC
  286 0000014C                 EXPORT           SysTick_Handler           [WEAK
]
  287 0000014C E7FE            B                .
  288 0000014E                 ENDP
  289 0000014E         
  290 0000014E         Default_Handler
                               PROC
  291 0000014E         
  292 0000014E                 EXPORT           WDT_IRQHandler            [WEAK
]
  293 0000014E                 EXPORT           TIMER0_IRQHandler         [WEAK
]
  294 0000014E                 EXPORT           TIMER1_IRQHandler         [WEAK
]
  295 0000014E                 EXPORT           TIMER2_IRQHandler         [WEAK
]
  296 0000014E                 EXPORT           TIMER3_IRQHandler         [WEAK
]
  297 0000014E                 EXPORT           UART0_IRQHandler          [WEAK
]
  298 0000014E                 EXPORT           UART1_IRQHandler          [WEAK
]
  299 0000014E                 EXPORT           UART2_IRQHandler          [WEAK
]
  300 0000014E                 EXPORT           UART3_IRQHandler          [WEAK
]
  301 0000014E                 EXPORT           PWM1_IRQHandler           [WEAK
]
  302 0000014E                 EXPORT           I2C0_IRQHandler           [WEAK
]
  303 0000014E                 EXPORT           I2C1_IRQHandler           [WEAK
]
  304 0000014E                 EXPORT           I2C2_IRQHandler           [WEAK
]
  305 0000014E                 EXPORT           SPI_IRQHandler            [WEAK
]
  306 0000014E                 EXPORT           SSP0_IRQHandler           [WEAK
]
  307 0000014E                 EXPORT           SSP1_IRQHandler           [WEAK
]



ARM Macro Assembler    Page 10 


  308 0000014E                 EXPORT           PLL0_IRQHandler           [WEAK
]
  309 0000014E                 EXPORT           RTC_IRQHandler            [WEAK
]
  310 0000014E                 EXPORT           EINT0_IRQHandler          [WEAK
]
  311 0000014E                 EXPORT           EINT1_IRQHandler          [WEAK
]
  312 0000014E                 EXPORT           EINT2_IRQHandler          [WEAK
]
  313 0000014E                 EXPORT           EINT3_IRQHandler          [WEAK
]
  314 0000014E                 EXPORT           ADC_IRQHandler            [WEAK
]
  315 0000014E                 EXPORT           BOD_IRQHandler            [WEAK
]
  316 0000014E                 EXPORT           USB_IRQHandler            [WEAK
]
  317 0000014E                 EXPORT           CAN_IRQHandler            [WEAK
]
  318 0000014E                 EXPORT           DMA_IRQHandler            [WEAK
]
  319 0000014E                 EXPORT           I2S_IRQHandler            [WEAK
]
  320 0000014E                 EXPORT           ENET_IRQHandler           [WEAK
]
  321 0000014E                 EXPORT           RIT_IRQHandler            [WEAK
]
  322 0000014E                 EXPORT           MCPWM_IRQHandler          [WEAK
]
  323 0000014E                 EXPORT           QEI_IRQHandler            [WEAK
]
  324 0000014E                 EXPORT           PLL1_IRQHandler           [WEAK
]
  325 0000014E                 EXPORT           USBActivity_IRQHandler    [WEAK
]
  326 0000014E                 EXPORT           CANActivity_IRQHandler    [WEAK
]
  327 0000014E         
  328 0000014E         WDT_IRQHandler
  329 0000014E         TIMER0_IRQHandler
  330 0000014E         TIMER1_IRQHandler
  331 0000014E         TIMER2_IRQHandler
  332 0000014E         TIMER3_IRQHandler
  333 0000014E         UART0_IRQHandler
  334 0000014E         UART1_IRQHandler
  335 0000014E         UART2_IRQHandler
  336 0000014E         UART3_IRQHandler
  337 0000014E         PWM1_IRQHandler
  338 0000014E         I2C0_IRQHandler
  339 0000014E         I2C1_IRQHandler
  340 0000014E         I2C2_IRQHandler
  341 0000014E         SPI_IRQHandler
  342 0000014E         SSP0_IRQHandler
  343 0000014E         SSP1_IRQHandler
  344 0000014E         PLL0_IRQHandler
  345 0000014E         RTC_IRQHandler
  346 0000014E         EINT0_IRQHandler
  347 0000014E         EINT1_IRQHandler



ARM Macro Assembler    Page 11 


  348 0000014E         EINT2_IRQHandler
  349 0000014E         EINT3_IRQHandler
  350 0000014E         ADC_IRQHandler
  351 0000014E         BOD_IRQHandler
  352 0000014E         USB_IRQHandler
  353 0000014E         CAN_IRQHandler
  354 0000014E         DMA_IRQHandler
  355 0000014E         I2S_IRQHandler
  356 0000014E         ENET_IRQHandler
  357 0000014E         RIT_IRQHandler
  358 0000014E         MCPWM_IRQHandler
  359 0000014E         QEI_IRQHandler
  360 0000014E         PLL1_IRQHandler
  361 0000014E         USBActivity_IRQHandler
  362 0000014E         CANActivity_IRQHandler
  363 0000014E         
  364 0000014E E7FE            B                .
  365 00000150         
  366 00000150                 ENDP
  367 00000150         
  368 00000150         
  369 00000150                 ALIGN
  370 00000150         
  371 00000150         
  372 00000150         ; User Initial Stack & Heap
  373 00000150         
  374 00000150                 EXPORT           __initial_sp
  375 00000150                 EXPORT           __heap_base
  376 00000150                 EXPORT           __heap_limit
  377 00000150         
  378 00000150                 END
              00000000 
              00000000 
              00000000 
              00000000 
              00000000 
              00000000 
              00000000 
              00000000 
              00000000 
Command Line: --debug --xref --diag_suppress=9931 --cpu=Cortex-M3 --apcs=interw
ork --depend=.\startup.d -o.\startup.o -IC:\Keil_v5\ARM\RV31\INC -IC:\Keil_v5\A
RM\CMSIS\Include -IC:\Keil_v5\ARM\INC\NXP\LPC17xx --predefine="__EVAL SETA 1" -
-predefine="__UVISION_VERSION SETA 536" --list=.\startup.lst startup.s



ARM Macro Assembler    Page 1 Alphabetic symbol ordering
Relocatable symbols

STACK 00000000

Symbol: STACK
   Definitions
      At line 33 in file startup.s
   Uses
      None
Comment: STACK unused
Stack_Mem 00000000

Symbol: Stack_Mem
   Definitions
      At line 34 in file startup.s
   Uses
      None
Comment: Stack_Mem unused
__initial_sp 00000200

Symbol: __initial_sp
   Definitions
      At line 35 in file startup.s
   Uses
      At line 59 in file startup.s
      At line 374 in file startup.s

3 symbols



ARM Macro Assembler    Page 1 Alphabetic symbol ordering
Relocatable symbols

HEAP 00000000

Symbol: HEAP
   Definitions
      At line 44 in file startup.s
   Uses
      None
Comment: HEAP unused
Heap_Mem 00000000

Symbol: Heap_Mem
   Definitions
      At line 46 in file startup.s
   Uses
      None
Comment: Heap_Mem unused
__heap_base 00000000

Symbol: __heap_base
   Definitions
      At line 45 in file startup.s
   Uses
      At line 375 in file startup.s
Comment: __heap_base used once
__heap_limit 00000000

Symbol: __heap_limit
   Definitions
      At line 47 in file startup.s
   Uses
      At line 376 in file startup.s
Comment: __heap_limit used once
4 symbols



ARM Macro Assembler    Page 1 Alphabetic symbol ordering
Relocatable symbols

RESET 00000000

Symbol: RESET
   Definitions
      At line 56 in file startup.s
   Uses
      None
Comment: RESET unused
__Vectors 00000000

Symbol: __Vectors
   Definitions
      At line 59 in file startup.s
   Uses
      At line 57 in file startup.s
Comment: __Vectors used once
2 symbols



ARM Macro Assembler    Page 1 Alphabetic symbol ordering
Relocatable symbols

.ARM.__at_0x02FC 00000000

Symbol: .ARM.__at_0x02FC
   Definitions
      At line 115 in file startup.s
   Uses
      None
Comment: .ARM.__at_0x02FC unused
CRP_Key 00000000

Symbol: CRP_Key
   Definitions
      At line 116 in file startup.s
   Uses
      None
Comment: CRP_Key unused
2 symbols



ARM Macro Assembler    Page 1 Alphabetic symbol ordering
Relocatable symbols

my_data1 00000000

Symbol: my_data1
   Definitions
      At line 120 in file startup.s
   Uses
      None
Comment: my_data1 unused
total_tickets 00000000

Symbol: total_tickets
   Definitions
      At line 121 in file startup.s
   Uses
      At line 188 in file startup.s
      At line 225 in file startup.s

2 symbols



ARM Macro Assembler    Page 1 Alphabetic symbol ordering
Relocatable symbols

Sector_quantity_update 00000030

Symbol: Sector_quantity_update
   Definitions
      At line 125 in file startup.s
   Uses
      At line 139 in file startup.s
      At line 152 in file startup.s
      At line 163 in file startup.s

my_data2 00000000

Symbol: my_data2
   Definitions
      At line 123 in file startup.s
   Uses
      None
Comment: my_data2 unused
2 symbols



ARM Macro Assembler    Page 1 Alphabetic symbol ordering
Relocatable symbols

.text 00000000

Symbol: .text
   Definitions
      At line 129 in file startup.s
   Uses
      None
Comment: .text unused
ADC_IRQHandler 0000014E

Symbol: ADC_IRQHandler
   Definitions
      At line 350 in file startup.s
   Uses
      At line 99 in file startup.s
      At line 314 in file startup.s

BOD_IRQHandler 0000014E

Symbol: BOD_IRQHandler
   Definitions
      At line 351 in file startup.s
   Uses
      At line 100 in file startup.s
      At line 315 in file startup.s

BusFault_Handler 00000142

Symbol: BusFault_Handler
   Definitions
      At line 263 in file startup.s
   Uses
      At line 64 in file startup.s
      At line 264 in file startup.s

CANActivity_IRQHandler 0000014E

Symbol: CANActivity_IRQHandler
   Definitions
      At line 362 in file startup.s
   Uses
      At line 111 in file startup.s
      At line 326 in file startup.s

CAN_IRQHandler 0000014E

Symbol: CAN_IRQHandler
   Definitions
      At line 353 in file startup.s
   Uses
      At line 102 in file startup.s
      At line 317 in file startup.s

DMA_IRQHandler 0000014E

Symbol: DMA_IRQHandler
   Definitions
      At line 354 in file startup.s
   Uses



ARM Macro Assembler    Page 2 Alphabetic symbol ordering
Relocatable symbols

      At line 103 in file startup.s
      At line 318 in file startup.s

DebugMon_Handler 00000148

Symbol: DebugMon_Handler
   Definitions
      At line 277 in file startup.s
   Uses
      At line 71 in file startup.s
      At line 278 in file startup.s

Default_Handler 0000014E

Symbol: Default_Handler
   Definitions
      At line 290 in file startup.s
   Uses
      None
Comment: Default_Handler unused
EINT0_IRQHandler 0000014E

Symbol: EINT0_IRQHandler
   Definitions
      At line 346 in file startup.s
   Uses
      At line 95 in file startup.s
      At line 310 in file startup.s

EINT1_IRQHandler 0000014E

Symbol: EINT1_IRQHandler
   Definitions
      At line 347 in file startup.s
   Uses
      At line 96 in file startup.s
      At line 311 in file startup.s

EINT2_IRQHandler 0000014E

Symbol: EINT2_IRQHandler
   Definitions
      At line 348 in file startup.s
   Uses
      At line 97 in file startup.s
      At line 312 in file startup.s

EINT3_IRQHandler 0000014E

Symbol: EINT3_IRQHandler
   Definitions
      At line 349 in file startup.s
   Uses
      At line 98 in file startup.s
      At line 313 in file startup.s

ENET_IRQHandler 0000014E

Symbol: ENET_IRQHandler



ARM Macro Assembler    Page 3 Alphabetic symbol ordering
Relocatable symbols

   Definitions
      At line 356 in file startup.s
   Uses
      At line 105 in file startup.s
      At line 320 in file startup.s

HardFault_Handler 0000013E

Symbol: HardFault_Handler
   Definitions
      At line 253 in file startup.s
   Uses
      At line 62 in file startup.s
      At line 254 in file startup.s

I2C0_IRQHandler 0000014E

Symbol: I2C0_IRQHandler
   Definitions
      At line 338 in file startup.s
   Uses
      At line 87 in file startup.s
      At line 302 in file startup.s

I2C1_IRQHandler 0000014E

Symbol: I2C1_IRQHandler
   Definitions
      At line 339 in file startup.s
   Uses
      At line 88 in file startup.s
      At line 303 in file startup.s

I2C2_IRQHandler 0000014E

Symbol: I2C2_IRQHandler
   Definitions
      At line 340 in file startup.s
   Uses
      At line 89 in file startup.s
      At line 304 in file startup.s

I2S_IRQHandler 0000014E

Symbol: I2S_IRQHandler
   Definitions
      At line 355 in file startup.s
   Uses
      At line 104 in file startup.s
      At line 319 in file startup.s

MCPWM_IRQHandler 0000014E

Symbol: MCPWM_IRQHandler
   Definitions
      At line 358 in file startup.s
   Uses
      At line 107 in file startup.s
      At line 322 in file startup.s



ARM Macro Assembler    Page 4 Alphabetic symbol ordering
Relocatable symbols


MemManage_Handler 00000140

Symbol: MemManage_Handler
   Definitions
      At line 258 in file startup.s
   Uses
      At line 63 in file startup.s
      At line 259 in file startup.s

NMI_Handler 0000013C

Symbol: NMI_Handler
   Definitions
      At line 248 in file startup.s
   Uses
      At line 61 in file startup.s
      At line 249 in file startup.s

Num_sectors 0000011C

Symbol: Num_sectors
   Definitions
      At line 238 in file startup.s
   Uses
      At line 153 in file startup.s
      At line 164 in file startup.s

PLL0_IRQHandler 0000014E

Symbol: PLL0_IRQHandler
   Definitions
      At line 344 in file startup.s
   Uses
      At line 93 in file startup.s
      At line 308 in file startup.s

PLL1_IRQHandler 0000014E

Symbol: PLL1_IRQHandler
   Definitions
      At line 360 in file startup.s
   Uses
      At line 109 in file startup.s
      At line 324 in file startup.s

PWM1_IRQHandler 0000014E

Symbol: PWM1_IRQHandler
   Definitions
      At line 337 in file startup.s
   Uses
      At line 86 in file startup.s
      At line 301 in file startup.s

PendSV_Handler 0000014A

Symbol: PendSV_Handler
   Definitions



ARM Macro Assembler    Page 5 Alphabetic symbol ordering
Relocatable symbols

      At line 281 in file startup.s
   Uses
      At line 73 in file startup.s
      At line 282 in file startup.s

QEI_IRQHandler 0000014E

Symbol: QEI_IRQHandler
   Definitions
      At line 359 in file startup.s
   Uses
      At line 108 in file startup.s
      At line 323 in file startup.s

RIT_IRQHandler 0000014E

Symbol: RIT_IRQHandler
   Definitions
      At line 357 in file startup.s
   Uses
      At line 106 in file startup.s
      At line 321 in file startup.s

RTC_IRQHandler 0000014E

Symbol: RTC_IRQHandler
   Definitions
      At line 345 in file startup.s
   Uses
      At line 94 in file startup.s
      At line 309 in file startup.s

Reset_Handler 00000000

Symbol: Reset_Handler
   Definitions
      At line 134 in file startup.s
   Uses
      At line 60 in file startup.s
      At line 135 in file startup.s

SPI_IRQHandler 0000014E

Symbol: SPI_IRQHandler
   Definitions
      At line 341 in file startup.s
   Uses
      At line 90 in file startup.s
      At line 305 in file startup.s

SSP0_IRQHandler 0000014E

Symbol: SSP0_IRQHandler
   Definitions
      At line 342 in file startup.s
   Uses
      At line 91 in file startup.s
      At line 306 in file startup.s




ARM Macro Assembler    Page 6 Alphabetic symbol ordering
Relocatable symbols

SSP1_IRQHandler 0000014E

Symbol: SSP1_IRQHandler
   Definitions
      At line 343 in file startup.s
   Uses
      At line 92 in file startup.s
      At line 307 in file startup.s

SVC_Handler 00000146

Symbol: SVC_Handler
   Definitions
      At line 272 in file startup.s
   Uses
      At line 70 in file startup.s
      At line 273 in file startup.s

Sector_prices 000000BC

Symbol: Sector_prices
   Definitions
      At line 232 in file startup.s
   Uses
      At line 151 in file startup.s
      At line 162 in file startup.s

Sector_quantity 000000EC

Symbol: Sector_quantity
   Definitions
      At line 235 in file startup.s
   Uses
      At line 140 in file startup.s
Comment: Sector_quantity used once
SysTick_Handler 0000014C

Symbol: SysTick_Handler
   Definitions
      At line 285 in file startup.s
   Uses
      At line 74 in file startup.s
      At line 286 in file startup.s

TIMER0_IRQHandler 0000014E

Symbol: TIMER0_IRQHandler
   Definitions
      At line 329 in file startup.s
   Uses
      At line 78 in file startup.s
      At line 293 in file startup.s

TIMER1_IRQHandler 0000014E

Symbol: TIMER1_IRQHandler
   Definitions
      At line 330 in file startup.s
   Uses



ARM Macro Assembler    Page 7 Alphabetic symbol ordering
Relocatable symbols

      At line 79 in file startup.s
      At line 294 in file startup.s

TIMER2_IRQHandler 0000014E

Symbol: TIMER2_IRQHandler
   Definitions
      At line 331 in file startup.s
   Uses
      At line 80 in file startup.s
      At line 295 in file startup.s

TIMER3_IRQHandler 0000014E

Symbol: TIMER3_IRQHandler
   Definitions
      At line 332 in file startup.s
   Uses
      At line 81 in file startup.s
      At line 296 in file startup.s

Ticket_requests 00000138

Symbol: Ticket_requests
   Definitions
      At line 242 in file startup.s
   Uses
      At line 157 in file startup.s
Comment: Ticket_requests used once
Tickets 00000120

Symbol: Tickets
   Definitions
      At line 240 in file startup.s
   Uses
      At line 156 in file startup.s
Comment: Tickets used once
UART0_IRQHandler 0000014E

Symbol: UART0_IRQHandler
   Definitions
      At line 333 in file startup.s
   Uses
      At line 82 in file startup.s
      At line 297 in file startup.s

UART1_IRQHandler 0000014E

Symbol: UART1_IRQHandler
   Definitions
      At line 334 in file startup.s
   Uses
      At line 83 in file startup.s
      At line 298 in file startup.s

UART2_IRQHandler 0000014E

Symbol: UART2_IRQHandler
   Definitions



ARM Macro Assembler    Page 8 Alphabetic symbol ordering
Relocatable symbols

      At line 335 in file startup.s
   Uses
      At line 84 in file startup.s
      At line 299 in file startup.s

UART3_IRQHandler 0000014E

Symbol: UART3_IRQHandler
   Definitions
      At line 336 in file startup.s
   Uses
      At line 85 in file startup.s
      At line 300 in file startup.s

USBActivity_IRQHandler 0000014E

Symbol: USBActivity_IRQHandler
   Definitions
      At line 361 in file startup.s
   Uses
      At line 110 in file startup.s
      At line 325 in file startup.s

USB_IRQHandler 0000014E

Symbol: USB_IRQHandler
   Definitions
      At line 352 in file startup.s
   Uses
      At line 101 in file startup.s
      At line 316 in file startup.s

UsageFault_Handler 00000144

Symbol: UsageFault_Handler
   Definitions
      At line 268 in file startup.s
   Uses
      At line 65 in file startup.s
      At line 269 in file startup.s

WDT_IRQHandler 0000014E

Symbol: WDT_IRQHandler
   Definitions
      At line 328 in file startup.s
   Uses
      At line 77 in file startup.s
      At line 292 in file startup.s

loop1 00000028

Symbol: loop1
   Definitions
      At line 160 in file startup.s
   Uses
      At line 223 in file startup.s
Comment: loop1 used once
loop2 00000036



ARM Macro Assembler    Page 9 Alphabetic symbol ordering
Relocatable symbols


Symbol: loop2
   Definitions
      At line 175 in file startup.s
   Uses
      At line 181 in file startup.s
Comment: loop2 used once
loop3 0000004C

Symbol: loop3
   Definitions
      At line 186 in file startup.s
   Uses
      At line 178 in file startup.s
      At line 220 in file startup.s

loop_in 00000008

Symbol: loop_in
   Definitions
      At line 143 in file startup.s
   Uses
      At line 148 in file startup.s
Comment: loop_in used once
non_uguale 0000009C

Symbol: non_uguale
   Definitions
      At line 215 in file startup.s
   Uses
      At line 199 in file startup.s
Comment: non_uguale used once
uguale 00000076

Symbol: uguale
   Definitions
      At line 201 in file startup.s
   Uses
      At line 198 in file startup.s
Comment: uguale used once
58 symbols



ARM Macro Assembler    Page 1 Alphabetic symbol ordering
Absolute symbols

Heap_Size 00000000

Symbol: Heap_Size
   Definitions
      At line 42 in file startup.s
   Uses
      At line 46 in file startup.s
Comment: Heap_Size used once
Stack_Size 00000200

Symbol: Stack_Size
   Definitions
      At line 31 in file startup.s
   Uses
      At line 34 in file startup.s
Comment: Stack_Size used once
2 symbols
411 symbols in table
